app/build/intermediates/manifest_merge_blame_file/debug/manifest-merger-blame-debug-report.txt
1<?xml version="1.0" encoding="utf-8"?>
2<manifest xmlns:android="http://schemas.android.com/apk/res/android"
3    package="com.example.whizzz"
4    android:versionCode="1"
5    android:versionName="1.0" >
6
7    <uses-sdk
8        android:minSdkVersion="23"
8-->src\main\AndroidManifest.xml
9        android:targetSdkVersion="29" />
9-->src\main\AndroidManifest.xml
10
11    <uses-permission android:name="android.permission.INTERNET" />
11-->src\main\AndroidManifest.xml:5:5-67
11-->src\main\AndroidManifest.xml:5:22-64
12    <uses-permission android:name="android.permission.WRITE_EXTERNAL_STORAGE" />
12-->src\main\AndroidManifest.xml:6:5-81
12-->src\main\AndroidManifest.xml:6:22-78
13    <uses-permission android:name="android.permission.READ_EXTERNAL_STORAGE" />
13-->src\main\AndroidManifest.xml:7:5-80
13-->src\main\AndroidManifest.xml:7:22-77
14    <uses-permission android:name="android.permission.ACCESS_WIFI_STATE" />
14-->src\main\AndroidManifest.xml:8:5-76
14-->src\main\AndroidManifest.xml:8:22-73
15    <uses-permission android:name="android.permission.ACCESS_NETWORK_STATE" />
15-->src\main\AndroidManifest.xml:9:5-79
15-->src\main\AndroidManifest.xml:9:22-76
16    <uses-permission android:name="android.permission.WAKE_LOCK" /> <!-- Required by older versions of Google Play services to create IID tokens -->
16-->[com.google.android.gms:play-services-measurement-api:17.4.3] AndroidManifest.xml:24:5-68
16-->[com.google.android.gms:play-services-measurement-api:17.4.3] AndroidManifest.xml:24:22-65
17    <uses-permission android:name="com.google.android.c2dm.permission.RECEIVE" />
17-->[com.google.firebase:firebase-iid:20.2.0] AndroidManifest.xml:26:5-82
17-->[com.google.firebase:firebase-iid:20.2.0] AndroidManifest.xml:26:22-79
18    <uses-permission android:name="com.google.android.finsky.permission.BIND_GET_INSTALL_REFERRER_SERVICE" />
18-->[com.google.android.gms:play-services-measurement:17.4.3] AndroidManifest.xml:26:5-110
18-->[com.google.android.gms:play-services-measurement:17.4.3] AndroidManifest.xml:26:22-107
19
20    <application
20-->src\main\AndroidManifest.xml:11:5-70:19
21        android:allowBackup="true"
21-->src\main\AndroidManifest.xml:12:9-35
22        android:appComponentFactory="androidx.core.app.CoreComponentFactory"
22-->[androidx.core:core:1.2.0] AndroidManifest.xml:24:18-86
23        android:debuggable="true"
24        android:extractNativeLibs="false"
25        android:icon="@mipmap/ic_launcher"
25-->src\main\AndroidManifest.xml:13:9-43
26        android:label="@string/app_name"
26-->src\main\AndroidManifest.xml:14:9-41
27        android:roundIcon="@mipmap/ic_launcher_round"
27-->src\main\AndroidManifest.xml:15:9-54
28        android:supportsRtl="true"
28-->src\main\AndroidManifest.xml:16:9-35
29        android:theme="@style/AppTheme" >
29-->src\main\AndroidManifest.xml:17:9-40
30        <activity
30-->src\main\AndroidManifest.xml:18:9-24:20
31            android:name="com.example.whizzz.view.ui.ForgetPasswordActivity"
31-->src\main\AndroidManifest.xml:19:13-59
32            android:configChanges="orientation"
32-->src\main\AndroidManifest.xml:21:13-48
33            android:screenOrientation="portrait"
33-->src\main\AndroidManifest.xml:22:13-49
34            android:windowSoftInputMode="adjustResize" >
34-->src\main\AndroidManifest.xml:20:13-55
35        </activity>
36        <activity
36-->src\main\AndroidManifest.xml:25:9-30:20
37            android:name="com.example.whizzz.view.ui.MessageActivity"
37-->src\main\AndroidManifest.xml:26:13-52
38            android:configChanges="orientation"
38-->src\main\AndroidManifest.xml:27:13-48
39            android:screenOrientation="portrait" >
39-->src\main\AndroidManifest.xml:28:13-49
40        </activity>
41        <activity
41-->src\main\AndroidManifest.xml:31:9-41:20
42            android:name="com.example.whizzz.view.ui.SplashActivity"
42-->src\main\AndroidManifest.xml:32:13-51
43            android:configChanges="orientation"
43-->src\main\AndroidManifest.xml:33:13-48
44            android:screenOrientation="portrait"
44-->src\main\AndroidManifest.xml:34:13-49
45            android:theme="@style/SplashTheme" >
45-->src\main\AndroidManifest.xml:35:13-47
46            <intent-filter>
46-->src\main\AndroidManifest.xml:36:13-40:29
47                <action android:name="android.intent.action.MAIN" />
47-->src\main\AndroidManifest.xml:37:17-69
47-->src\main\AndroidManifest.xml:37:25-66
48
49                <category android:name="android.intent.category.LAUNCHER" />
49-->src\main\AndroidManifest.xml:39:17-77
49-->src\main\AndroidManifest.xml:39:27-74
50            </intent-filter>
51        </activity>
52        <activity
52-->src\main\AndroidManifest.xml:42:9-46:20
53            android:name="com.example.whizzz.view.ui.HomeActivity"
53-->src\main\AndroidManifest.xml:42:19-55
54            android:configChanges="orientation"
54-->src\main\AndroidManifest.xml:43:13-48
55            android:screenOrientation="portrait" >
55-->src\main\AndroidManifest.xml:44:13-49
56        </activity>
57        <activity
57-->src\main\AndroidManifest.xml:47:9-53:20
58            android:name="com.example.whizzz.view.ui.SignupActivity"
58-->src\main\AndroidManifest.xml:48:13-51
59            android:configChanges="orientation"
59-->src\main\AndroidManifest.xml:49:13-48
60            android:screenOrientation="portrait"
60-->src\main\AndroidManifest.xml:50:13-49
61            android:windowSoftInputMode="adjustResize" >
61-->src\main\AndroidManifest.xml:51:13-55
62        </activity>
63        <activity
63-->src\main\AndroidManifest.xml:54:9-60:20
64            android:name="com.example.whizzz.view.ui.LoginActivity"
64-->src\main\AndroidManifest.xml:55:13-50
65            android:configChanges="orientation"
65-->src\main\AndroidManifest.xml:56:13-48
66            android:screenOrientation="portrait"
66-->src\main\AndroidManifest.xml:57:13-49
67            android:windowSoftInputMode="adjustResize" >
67-->src\main\AndroidManifest.xml:58:13-55
68        </activity>
69
70        <service
70-->src\main\AndroidManifest.xml:62:9-69:19
71            android:name="com.example.whizzz.services.notifications.MyFirebaseMessaging"
71-->src\main\AndroidManifest.xml:63:13-71
72            android:enabled="true"
72-->src\main\AndroidManifest.xml:64:13-35
73            android:exported="true" >
73-->src\main\AndroidManifest.xml:65:13-36
74            <intent-filter>
74-->src\main\AndroidManifest.xml:66:13-68:29
75                <action android:name="com.google.firebase.MESSAGING_EVENT" />
75-->src\main\AndroidManifest.xml:67:17-78
75-->src\main\AndroidManifest.xml:67:25-75
76            </intent-filter>
77        </service>
78
79        <activity
79-->[com.google.firebase:firebase-auth:19.3.1] AndroidManifest.xml:24:9-31:50
80            android:name="com.google.firebase.auth.internal.FederatedSignInActivity"
80-->[com.google.firebase:firebase-auth:19.3.1] AndroidManifest.xml:25:13-85
81            android:excludeFromRecents="true"
81-->[com.google.firebase:firebase-auth:19.3.1] AndroidManifest.xml:26:13-46
82            android:exported="true"
82-->[com.google.firebase:firebase-auth:19.3.1] AndroidManifest.xml:27:13-36
83            android:launchMode="singleTask"
83-->[com.google.firebase:firebase-auth:19.3.1] AndroidManifest.xml:28:13-44
84            android:permission="com.google.firebase.auth.api.gms.permission.LAUNCH_FEDERATED_SIGN_IN"
84-->[com.google.firebase:firebase-auth:19.3.1] AndroidManifest.xml:29:13-102
85            android:theme="@android:style/Theme.Translucent.NoTitleBar" />
85-->[com.google.firebase:firebase-auth:19.3.1] AndroidManifest.xml:30:13-72
86
87        <service
87-->[com.google.firebase:firebase-auth:19.3.1] AndroidManifest.xml:33:9-39:19
88            android:name="com.google.firebase.components.ComponentDiscoveryService"
88-->[com.google.firebase:firebase-auth:19.3.1] AndroidManifest.xml:34:13-84
89            android:directBootAware="true"
89-->[com.google.firebase:firebase-common:19.3.0] AndroidManifest.xml:34:13-43
90            android:exported="false" >
90-->[com.google.firebase:firebase-auth:19.3.1] AndroidManifest.xml:35:13-37
91            <meta-data
91-->[com.google.firebase:firebase-auth:19.3.1] AndroidManifest.xml:36:13-38:85
92                android:name="com.google.firebase.components:com.google.firebase.auth.FirebaseAuthRegistrar"
92-->[com.google.firebase:firebase-auth:19.3.1] AndroidManifest.xml:37:17-109
93                android:value="com.google.firebase.components.ComponentRegistrar" />
93-->[com.google.firebase:firebase-auth:19.3.1] AndroidManifest.xml:38:17-82
94            <meta-data
94-->[com.google.firebase:firebase-messaging:20.2.0] AndroidManifest.xml:39:13-41:85
95                android:name="com.google.firebase.components:com.google.firebase.messaging.FirebaseMessagingRegistrar"
95-->[com.google.firebase:firebase-messaging:20.2.0] AndroidManifest.xml:40:17-119
96                android:value="com.google.firebase.components.ComponentRegistrar" />
96-->[com.google.firebase:firebase-messaging:20.2.0] AndroidManifest.xml:41:17-82
97            <meta-data
97-->[com.google.firebase:firebase-database:19.3.0] AndroidManifest.xml:32:13-34:85
98                android:name="com.google.firebase.components:com.google.firebase.database.DatabaseRegistrar"
98-->[com.google.firebase:firebase-database:19.3.0] AndroidManifest.xml:33:17-109
99                android:value="com.google.firebase.components.ComponentRegistrar" />
99-->[com.google.firebase:firebase-database:19.3.0] AndroidManifest.xml:34:17-82
100            <meta-data
100-->[com.google.firebase:firebase-storage:19.1.1] AndroidManifest.xml:33:13-35:85
101                android:name="com.google.firebase.components:com.google.firebase.storage.StorageRegistrar"
101-->[com.google.firebase:firebase-storage:19.1.1] AndroidManifest.xml:34:17-107
102                android:value="com.google.firebase.components.ComponentRegistrar" />
102-->[com.google.firebase:firebase-storage:19.1.1] AndroidManifest.xml:35:17-82
103            <meta-data
103-->[com.google.firebase:firebase-firestore:21.4.3] AndroidManifest.xml:20:13-22:85
104                android:name="com.google.firebase.components:com.google.firebase.firestore.FirestoreRegistrar"
104-->[com.google.firebase:firebase-firestore:21.4.3] AndroidManifest.xml:21:17-111
105                android:value="com.google.firebase.components.ComponentRegistrar" />
105-->[com.google.firebase:firebase-firestore:21.4.3] AndroidManifest.xml:22:17-82
106            <meta-data
106-->[com.google.android.gms:play-services-measurement-api:17.4.3] AndroidManifest.xml:30:13-32:85
107                android:name="com.google.firebase.components:com.google.firebase.analytics.connector.internal.AnalyticsConnectorRegistrar"
107-->[com.google.android.gms:play-services-measurement-api:17.4.3] AndroidManifest.xml:31:17-139
108                android:value="com.google.firebase.components.ComponentRegistrar" />
108-->[com.google.android.gms:play-services-measurement-api:17.4.3] AndroidManifest.xml:32:17-82
109            <meta-data
109-->[com.google.firebase:firebase-iid:20.2.0] AndroidManifest.xml:32:13-34:85
110                android:name="com.google.firebase.components:com.google.firebase.iid.Registrar"
110-->[com.google.firebase:firebase-iid:20.2.0] AndroidManifest.xml:33:17-96
111                android:value="com.google.firebase.components.ComponentRegistrar" />
111-->[com.google.firebase:firebase-iid:20.2.0] AndroidManifest.xml:34:17-82
112            <meta-data
112-->[com.google.firebase:firebase-datatransport:17.0.3] AndroidManifest.xml:28:13-30:85
113                android:name="com.google.firebase.components:com.google.firebase.datatransport.TransportRegistrar"
113-->[com.google.firebase:firebase-datatransport:17.0.3] AndroidManifest.xml:29:17-115
114                android:value="com.google.firebase.components.ComponentRegistrar" />
114-->[com.google.firebase:firebase-datatransport:17.0.3] AndroidManifest.xml:30:17-82
115            <meta-data
115-->[com.google.firebase:firebase-installations:16.3.1] AndroidManifest.xml:17:13-19:85
116                android:name="com.google.firebase.components:com.google.firebase.installations.FirebaseInstallationsRegistrar"
116-->[com.google.firebase:firebase-installations:16.3.1] AndroidManifest.xml:18:17-127
117                android:value="com.google.firebase.components.ComponentRegistrar" />
117-->[com.google.firebase:firebase-installations:16.3.1] AndroidManifest.xml:19:17-82
118        </service>
119        <!--
120             FirebaseMessagingService performs security checks at runtime,
121             but set to not exported to explicitly avoid allowing another app to call it.
122        -->
123        <service
123-->[com.google.firebase:firebase-messaging:20.2.0] AndroidManifest.xml:28:9-35:19
124            android:name="com.google.firebase.messaging.FirebaseMessagingService"
124-->[com.google.firebase:firebase-messaging:20.2.0] AndroidManifest.xml:29:13-82
125            android:directBootAware="true"
125-->[com.google.firebase:firebase-messaging:20.2.0] AndroidManifest.xml:30:13-43
126            android:exported="false" >
126-->[com.google.firebase:firebase-messaging:20.2.0] AndroidManifest.xml:31:13-37
127            <intent-filter android:priority="-500" >
127-->src\main\AndroidManifest.xml:66:13-68:29
128                <action android:name="com.google.firebase.MESSAGING_EVENT" />
128-->src\main\AndroidManifest.xml:67:17-78
128-->src\main\AndroidManifest.xml:67:25-75
129            </intent-filter>
130        </service>
131
132        <receiver
132-->[com.google.firebase:firebase-iid:20.2.0] AndroidManifest.xml:37:9-44:20
133            android:name="com.google.firebase.iid.FirebaseInstanceIdReceiver"
133-->[com.google.firebase:firebase-iid:20.2.0] AndroidManifest.xml:38:13-78
134            android:exported="true"
134-->[com.google.firebase:firebase-iid:20.2.0] AndroidManifest.xml:39:13-36
135            android:permission="com.google.android.c2dm.permission.SEND" >
135-->[com.google.firebase:firebase-iid:20.2.0] AndroidManifest.xml:40:13-73
136            <intent-filter>
136-->[com.google.firebase:firebase-iid:20.2.0] AndroidManifest.xml:41:13-43:29
137                <action android:name="com.google.android.c2dm.intent.RECEIVE" />
137-->[com.google.firebase:firebase-iid:20.2.0] AndroidManifest.xml:42:17-81
137-->[com.google.firebase:firebase-iid:20.2.0] AndroidManifest.xml:42:25-78
138            </intent-filter>
139        </receiver>
140
141        <activity
141-->[com.google.android.gms:play-services-base:17.1.0] AndroidManifest.xml:23:9-26:75
142            android:name="com.google.android.gms.common.api.GoogleApiActivity"
142-->[com.google.android.gms:play-services-base:17.1.0] AndroidManifest.xml:24:13-79
143            android:exported="false"
143-->[com.google.android.gms:play-services-base:17.1.0] AndroidManifest.xml:25:13-37
144            android:theme="@android:style/Theme.Translucent.NoTitleBar" />
144-->[com.google.android.gms:play-services-base:17.1.0] AndroidManifest.xml:26:13-72
145
146        <provider
146-->[com.google.firebase:firebase-common:19.3.0] AndroidManifest.xml:26:9-30:39
147            android:name="com.google.firebase.provider.FirebaseInitProvider"
147-->[com.google.firebase:firebase-common:19.3.0] AndroidManifest.xml:27:13-77
148            android:authorities="com.example.whizzz.firebaseinitprovider"
148-->[com.google.firebase:firebase-common:19.3.0] AndroidManifest.xml:28:13-72
149            android:exported="false"
149-->[com.google.firebase:firebase-common:19.3.0] AndroidManifest.xml:29:13-37
150            android:initOrder="100" />
150-->[com.google.firebase:firebase-common:19.3.0] AndroidManifest.xml:30:13-36
151
152        <receiver
152-->[com.google.android.gms:play-services-measurement:17.4.3] AndroidManifest.xml:29:9-33:20
153            android:name="com.google.android.gms.measurement.AppMeasurementReceiver"
153-->[com.google.android.gms:play-services-measurement:17.4.3] AndroidManifest.xml:30:13-85
154            android:enabled="true"
154-->[com.google.android.gms:play-services-measurement:17.4.3] AndroidManifest.xml:31:13-35
155            android:exported="false" >
155-->[com.google.android.gms:play-services-measurement:17.4.3] AndroidManifest.xml:32:13-37
156        </receiver>
157
158        <service
158-->[com.google.android.gms:play-services-measurement:17.4.3] AndroidManifest.xml:35:9-38:40
159            android:name="com.google.android.gms.measurement.AppMeasurementService"
159-->[com.google.android.gms:play-services-measurement:17.4.3] AndroidManifest.xml:36:13-84
160            android:enabled="true"
160-->[com.google.android.gms:play-services-measurement:17.4.3] AndroidManifest.xml:37:13-35
161            android:exported="false" />
161-->[com.google.android.gms:play-services-measurement:17.4.3] AndroidManifest.xml:38:13-37
162        <service
162-->[com.google.android.gms:play-services-measurement:17.4.3] AndroidManifest.xml:39:9-43:72
163            android:name="com.google.android.gms.measurement.AppMeasurementJobService"
163-->[com.google.android.gms:play-services-measurement:17.4.3] AndroidManifest.xml:40:13-87
164            android:enabled="true"
164-->[com.google.android.gms:play-services-measurement:17.4.3] AndroidManifest.xml:41:13-35
165            android:exported="false"
165-->[com.google.android.gms:play-services-measurement:17.4.3] AndroidManifest.xml:42:13-37
166            android:permission="android.permission.BIND_JOB_SERVICE" />
166-->[com.google.android.gms:play-services-measurement:17.4.3] AndroidManifest.xml:43:13-69
167
168        <meta-data
168-->[com.google.android.gms:play-services-basement:17.0.0] AndroidManifest.xml:23:9-25:69
169            android:name="com.google.android.gms.version"
169-->[com.google.android.gms:play-services-basement:17.0.0] AndroidManifest.xml:24:13-58
170            android:value="@integer/google_play_services_version" />
170-->[com.google.android.gms:play-services-basement:17.0.0] AndroidManifest.xml:25:13-66
171
172        <service
172-->[com.google.android.datatransport:transport-backend-cct:2.2.0] AndroidManifest.xml:29:9-35:19
173            android:name="com.google.android.datatransport.runtime.backends.TransportBackendDiscovery"
173-->[com.google.android.datatransport:transport-backend-cct:2.2.0] AndroidManifest.xml:30:13-103
174            android:exported="false" >
174-->[com.google.android.datatransport:transport-backend-cct:2.2.0] AndroidManifest.xml:31:13-37
175            <meta-data
175-->[com.google.android.datatransport:transport-backend-cct:2.2.0] AndroidManifest.xml:32:13-34:39
176                android:name="backend:com.google.android.datatransport.cct.CctBackendFactory"
176-->[com.google.android.datatransport:transport-backend-cct:2.2.0] AndroidManifest.xml:33:17-94
177                android:value="cct" />
177-->[com.google.android.datatransport:transport-backend-cct:2.2.0] AndroidManifest.xml:34:17-36
178        </service>
179        <service
179-->[com.google.android.datatransport:transport-runtime:2.2.0] AndroidManifest.xml:26:9-30:19
180            android:name="com.google.android.datatransport.runtime.scheduling.jobscheduling.JobInfoSchedulerService"
180-->[com.google.android.datatransport:transport-runtime:2.2.0] AndroidManifest.xml:27:13-117
181            android:exported="false"
181-->[com.google.android.datatransport:transport-runtime:2.2.0] AndroidManifest.xml:28:13-37
182            android:permission="android.permission.BIND_JOB_SERVICE" >
182-->[com.google.android.datatransport:transport-runtime:2.2.0] AndroidManifest.xml:29:13-69
183        </service>
184
185        <receiver
185-->[com.google.android.datatransport:transport-runtime:2.2.0] AndroidManifest.xml:32:9-34:40
186            android:name="com.google.android.datatransport.runtime.scheduling.jobscheduling.AlarmManagerSchedulerBroadcastReceiver"
186-->[com.google.android.datatransport:transport-runtime:2.2.0] AndroidManifest.xml:33:13-132
187            android:exported="false" />
187-->[com.google.android.datatransport:transport-runtime:2.2.0] AndroidManifest.xml:34:13-37
188
189        <provider
189-->[androidx.lifecycle:lifecycle-process:2.0.0] AndroidManifest.xml:23:9-27:43
190            android:name="androidx.lifecycle.ProcessLifecycleOwnerInitializer"
190-->[androidx.lifecycle:lifecycle-process:2.0.0] AndroidManifest.xml:24:13-79
191            android:authorities="com.example.whizzz.lifecycle-process"
191-->[androidx.lifecycle:lifecycle-process:2.0.0] AndroidManifest.xml:25:13-69
192            android:exported="false"
192-->[androidx.lifecycle:lifecycle-process:2.0.0] AndroidManifest.xml:26:13-37
193            android:multiprocess="true" />
193-->[androidx.lifecycle:lifecycle-process:2.0.0] AndroidManifest.xml:27:13-40
194    </application>
195
196</manifest>